GPU[1]: Epoch 0 started.
GPU[1]:  batch [100/462]:  loss=12.9263  COCO_mAP=0.000041  grad_norm=53.8711  lr=0.000086
GPU[1]:  batch [200/462]:  loss=8.1261  COCO_mAP=0.000609  grad_norm=29.5120  lr=0.000172
GPU[1]:  batch [300/462]:  loss=6.0430  COCO_mAP=0.041042  grad_norm=20.1067  lr=0.000259
GPU[1]:  batch [400/462]:  loss=5.0438  COCO_mAP=0.086089  grad_norm=13.0426  lr=0.000346
GPU[1]:  batch [462/462]:  loss=4.7609  COCO_mAP=0.074295  grad_norm=12.7775  lr=0.000399
Validation on GPU[1]:  val_loss=4.711115  val_COCO_mAP=0.055610
(GPU[1]): Epoch 0 completed. Time elapsed: 00:08:27
GPU[1]: Epoch 1 started.
GPU[1]:  batch [100/462]:  loss=4.6733  COCO_mAP=0.103071  grad_norm=7.3049  lr=0.000486
GPU[1]:  batch [200/462]:  loss=4.6501  COCO_mAP=0.087247  grad_norm=10.8104  lr=0.000572
GPU[1]:  batch [300/462]:  loss=4.6054  COCO_mAP=0.113353  grad_norm=6.7418  lr=0.000659
GPU[1]:  batch [400/462]:  loss=4.4265  COCO_mAP=0.155145  grad_norm=8.5573  lr=0.000745
GPU[1]:  batch [462/462]:  loss=4.5710  COCO_mAP=0.099803  grad_norm=8.7577  lr=0.000799
Validation on GPU[1]:  val_loss=4.576886  val_COCO_mAP=0.082519
(GPU[1]): Epoch 1 completed. Time elapsed: 00:17:04
GPU[1]: Epoch 2 started.
GPU[1]:  batch [100/462]:  loss=4.3074  COCO_mAP=0.125715  grad_norm=11.1020  lr=0.000800
GPU[1]:  batch [200/462]:  loss=4.2694  COCO_mAP=0.191490  grad_norm=12.7458  lr=0.000800
GPU[1]:  batch [300/462]:  loss=4.1741  COCO_mAP=0.157566  grad_norm=9.9392  lr=0.000800
GPU[1]:  batch [400/462]:  loss=4.1400  COCO_mAP=0.181852  grad_norm=9.3831  lr=0.000800
GPU[1]:  batch [462/462]:  loss=4.0445  COCO_mAP=0.198394  grad_norm=12.7534  lr=0.000800
Validation on GPU[1]:  val_loss=4.004444  val_COCO_mAP=0.106013
(GPU[1]): Epoch 2 completed. Time elapsed: 00:25:12
GPU[1]: Epoch 3 started.
GPU[1]:  batch [100/462]:  loss=3.9701  COCO_mAP=0.175128  grad_norm=6.7176  lr=0.000800
GPU[1]:  batch [200/462]:  loss=3.9238  COCO_mAP=0.228990  grad_norm=4.2135  lr=0.000800
GPU[1]:  batch [300/462]:  loss=3.8597  COCO_mAP=0.202056  grad_norm=7.0535  lr=0.000800
GPU[1]:  batch [400/462]:  loss=3.7918  COCO_mAP=0.200466  grad_norm=8.2678  lr=0.000800
GPU[1]:  batch [462/462]:  loss=3.7871  COCO_mAP=0.167794  grad_norm=5.9618  lr=0.000800
Validation on GPU[1]:  val_loss=3.768495  val_COCO_mAP=0.124465
(GPU[1]): Epoch 3 completed. Time elapsed: 00:33:30
GPU[1]: Epoch 4 started.
GPU[1]:  batch [100/462]:  loss=3.7309  COCO_mAP=0.197141  grad_norm=15.9685  lr=0.000800
GPU[1]:  batch [200/462]:  loss=3.6851  COCO_mAP=0.205453  grad_norm=5.3328  lr=0.000800
GPU[1]:  batch [300/462]:  loss=3.5940  COCO_mAP=0.183810  grad_norm=4.8857  lr=0.000800
GPU[1]:  batch [400/462]:  loss=3.6958  COCO_mAP=0.189461  grad_norm=8.0934  lr=0.000800
GPU[1]:  batch [462/462]:  loss=3.6180  COCO_mAP=0.233463  grad_norm=3.7250  lr=0.000800
Validation on GPU[1]:  val_loss=3.621192  val_COCO_mAP=0.145305
(GPU[1]): Epoch 4 completed. Time elapsed: 00:41:43
GPU[1]: Epoch 5 started.
GPU[1]:  batch [100/462]:  loss=3.5176  COCO_mAP=0.208486  grad_norm=5.8685  lr=0.000800
GPU[1]:  batch [200/462]:  loss=3.5083  COCO_mAP=0.202470  grad_norm=3.5817  lr=0.000800
GPU[1]:  batch [300/462]:  loss=3.4831  COCO_mAP=0.209858  grad_norm=5.5847  lr=0.000800
GPU[1]:  batch [400/462]:  loss=3.5094  COCO_mAP=0.219523  grad_norm=3.6193  lr=0.000800
GPU[1]:  batch [462/462]:  loss=3.4779  COCO_mAP=0.225209  grad_norm=4.8327  lr=0.000800
Validation on GPU[1]:  val_loss=3.451019  val_COCO_mAP=0.151438
(GPU[1]): Epoch 5 completed. Time elapsed: 00:50:02
GPU[1]: Epoch 6 started.
GPU[1]:  batch [100/462]:  loss=3.3840  COCO_mAP=0.241012  grad_norm=2.6299  lr=0.000800
GPU[1]:  batch [200/462]:  loss=3.3594  COCO_mAP=0.226531  grad_norm=5.1191  lr=0.000800
GPU[1]:  batch [300/462]:  loss=3.4120  COCO_mAP=0.203882  grad_norm=3.2522  lr=0.000800
GPU[1]:  batch [400/462]:  loss=3.3688  COCO_mAP=0.214680  grad_norm=5.9874  lr=0.000800
GPU[1]:  batch [462/462]:  loss=3.3508  COCO_mAP=0.222001  grad_norm=3.9758  lr=0.000800
Validation on GPU[1]:  val_loss=3.422941  val_COCO_mAP=0.163138
(GPU[1]): Epoch 6 completed. Time elapsed: 00:58:21
GPU[1]: Epoch 7 started.
GPU[1]:  batch [100/462]:  loss=3.2799  COCO_mAP=0.249264  grad_norm=3.5706  lr=0.000800
GPU[1]:  batch [200/462]:  loss=3.2749  COCO_mAP=0.278017  grad_norm=6.4073  lr=0.000800
GPU[1]:  batch [300/462]:  loss=3.2632  COCO_mAP=0.240845  grad_norm=5.3038  lr=0.000800
GPU[1]:  batch [400/462]:  loss=3.2903  COCO_mAP=0.226856  grad_norm=6.1325  lr=0.000800
GPU[1]:  batch [462/462]:  loss=3.2714  COCO_mAP=0.233274  grad_norm=5.4853  lr=0.000800
Validation on GPU[1]:  val_loss=3.333648  val_COCO_mAP=0.169159
(GPU[1]): Epoch 7 completed. Time elapsed: 01:06:27
GPU[1]: Epoch 8 started.
GPU[1]:  batch [100/462]:  loss=3.1947  COCO_mAP=0.248835  grad_norm=6.0704  lr=0.000800
GPU[1]:  batch [200/462]:  loss=3.1849  COCO_mAP=0.231167  grad_norm=4.0801  lr=0.000800
GPU[1]:  batch [300/462]:  loss=3.1876  COCO_mAP=0.228969  grad_norm=4.6602  lr=0.000800
GPU[1]:  batch [400/462]:  loss=3.2048  COCO_mAP=0.282013  grad_norm=3.2532  lr=0.000800
GPU[1]:  batch [462/462]:  loss=3.2013  COCO_mAP=0.227900  grad_norm=3.9904  lr=0.000800
Validation on GPU[1]:  val_loss=3.259843  val_COCO_mAP=0.174326
(GPU[1]): Epoch 8 completed. Time elapsed: 01:14:32
GPU[1]: Epoch 9 started.
GPU[1]:  batch [100/462]:  loss=3.1114  COCO_mAP=0.277766  grad_norm=2.6378  lr=0.000800
GPU[1]:  batch [200/462]:  loss=3.1199  COCO_mAP=0.263236  grad_norm=3.1562  lr=0.000800
GPU[1]:  batch [300/462]:  loss=3.1340  COCO_mAP=0.229430  grad_norm=6.7318  lr=0.000800
GPU[1]:  batch [400/462]:  loss=3.1355  COCO_mAP=0.301390  grad_norm=2.6818  lr=0.000800
GPU[1]:  batch [462/462]:  loss=3.1193  COCO_mAP=0.282478  grad_norm=2.4142  lr=0.000800
Validation on GPU[1]:  val_loss=3.234121  val_COCO_mAP=0.189871
(GPU[1]): Epoch 9 completed. Time elapsed: 01:22:42
GPU[1]: Epoch 10 started.
GPU[1]:  batch [100/462]:  loss=3.0295  COCO_mAP=0.299574  grad_norm=3.4228  lr=0.000800
GPU[1]:  batch [200/462]:  loss=3.0673  COCO_mAP=0.262933  grad_norm=2.7658  lr=0.000800
GPU[1]:  batch [300/462]:  loss=3.0944  COCO_mAP=0.272603  grad_norm=3.4332  lr=0.000800
GPU[1]:  batch [400/462]:  loss=3.0842  COCO_mAP=0.291321  grad_norm=5.2391  lr=0.000800
GPU[1]:  batch [462/462]:  loss=3.0807  COCO_mAP=0.288704  grad_norm=2.9666  lr=0.000800
Validation on GPU[1]:  val_loss=3.190577  val_COCO_mAP=0.185255
(GPU[1]): Epoch 10 completed. Time elapsed: 01:30:50
GPU[1]: Epoch 11 started.
GPU[1]:  batch [100/462]:  loss=2.9868  COCO_mAP=0.288502  grad_norm=2.7050  lr=0.000800
GPU[1]:  batch [200/462]:  loss=3.0359  COCO_mAP=0.275556  grad_norm=2.9131  lr=0.000800
GPU[1]:  batch [300/462]:  loss=3.0225  COCO_mAP=0.250714  grad_norm=3.5682  lr=0.000800
GPU[1]:  batch [400/462]:  loss=3.0431  COCO_mAP=0.317277  grad_norm=3.1828  lr=0.000800
GPU[1]:  batch [462/462]:  loss=3.0181  COCO_mAP=0.310569  grad_norm=2.3077  lr=0.000800
Validation on GPU[1]:  val_loss=3.159944  val_COCO_mAP=0.190624
(GPU[1]): Epoch 11 completed. Time elapsed: 01:39:04
GPU[1]: Epoch 12 started.
GPU[1]:  batch [100/462]:  loss=2.9544  COCO_mAP=0.239340  grad_norm=3.1000  lr=0.000800
GPU[1]:  batch [200/462]:  loss=2.9801  COCO_mAP=0.264467  grad_norm=3.3802  lr=0.000800
GPU[1]:  batch [300/462]:  loss=2.9824  COCO_mAP=0.297567  grad_norm=3.0322  lr=0.000800
GPU[1]:  batch [400/462]:  loss=3.0059  COCO_mAP=0.254475  grad_norm=2.6242  lr=0.000800
GPU[1]:  batch [462/462]:  loss=3.0199  COCO_mAP=0.278010  grad_norm=2.7900  lr=0.000800
Validation on GPU[1]:  val_loss=3.201124  val_COCO_mAP=0.190581
(GPU[1]): Epoch 12 completed. Time elapsed: 01:47:07
GPU[1]: Epoch 13 started.
GPU[1]:  batch [100/462]:  loss=2.8937  COCO_mAP=0.286590  grad_norm=3.2391  lr=0.000800
GPU[1]:  batch [200/462]:  loss=2.9253  COCO_mAP=0.280005  grad_norm=3.8918  lr=0.000800
GPU[1]:  batch [300/462]:  loss=2.9264  COCO_mAP=0.306116  grad_norm=3.1364  lr=0.000800
GPU[1]:  batch [400/462]:  loss=2.9598  COCO_mAP=0.306409  grad_norm=2.4039  lr=0.000800
GPU[1]:  batch [462/462]:  loss=2.9612  COCO_mAP=0.264266  grad_norm=4.1081  lr=0.000800
Validation on GPU[1]:  val_loss=3.121832  val_COCO_mAP=0.197438
(GPU[1]): Epoch 13 completed. Time elapsed: 01:55:22
GPU[1]: Epoch 14 started.
GPU[1]:  batch [100/462]:  loss=2.9015  COCO_mAP=0.288163  grad_norm=2.5026  lr=0.000800
GPU[1]:  batch [200/462]:  loss=2.8986  COCO_mAP=0.252919  grad_norm=2.7010  lr=0.000800
GPU[1]:  batch [300/462]:  loss=2.9170  COCO_mAP=0.321872  grad_norm=2.4657  lr=0.000800
GPU[1]:  batch [400/462]:  loss=2.9422  COCO_mAP=0.254425  grad_norm=2.5120  lr=0.000800
GPU[1]:  batch [462/462]:  loss=2.9374  COCO_mAP=0.252411  grad_norm=2.9922  lr=0.000800
Validation on GPU[1]:  val_loss=3.130057  val_COCO_mAP=0.193780
(GPU[1]): Epoch 14 completed. Time elapsed: 02:03:30
GPU[1]: Epoch 15 started.
GPU[1]:  batch [100/462]:  loss=2.8440  COCO_mAP=0.338149  grad_norm=3.5812  lr=0.000800
GPU[1]:  batch [200/462]:  loss=2.8578  COCO_mAP=0.301887  grad_norm=2.9510  lr=0.000800
GPU[1]:  batch [300/462]:  loss=2.8987  COCO_mAP=0.266149  grad_norm=2.6992  lr=0.000800
GPU[1]:  batch [400/462]:  loss=2.8867  COCO_mAP=0.310689  grad_norm=2.6732  lr=0.000800
GPU[1]:  batch [462/462]:  loss=2.9339  COCO_mAP=0.291388  grad_norm=3.0746  lr=0.000800
Validation on GPU[1]:  val_loss=3.119690  val_COCO_mAP=0.197652
(GPU[1]): Epoch 15 completed. Time elapsed: 02:11:40
GPU[1]: Epoch 16 started.
GPU[1]:  batch [100/462]:  loss=2.8298  COCO_mAP=0.350607  grad_norm=3.2768  lr=0.000800
GPU[1]:  batch [200/462]:  loss=2.8350  COCO_mAP=0.325421  grad_norm=2.3193  lr=0.000800
GPU[1]:  batch [300/462]:  loss=2.8544  COCO_mAP=0.329228  grad_norm=6.3222  lr=0.000800
GPU[1]:  batch [400/462]:  loss=2.8851  COCO_mAP=0.281420  grad_norm=2.5833  lr=0.000800
GPU[1]:  batch [462/462]:  loss=2.8772  COCO_mAP=0.318892  grad_norm=3.0953  lr=0.000800
Validation on GPU[1]:  val_loss=3.092855  val_COCO_mAP=0.199602
(GPU[1]): Epoch 16 completed. Time elapsed: 02:19:55
GPU[1]: Epoch 17 started.
GPU[1]:  batch [100/462]:  loss=2.7815  COCO_mAP=0.331824  grad_norm=2.3676  lr=0.000800
GPU[1]:  batch [200/462]:  loss=2.8139  COCO_mAP=0.283053  grad_norm=2.1237  lr=0.000800
GPU[1]:  batch [300/462]:  loss=2.8380  COCO_mAP=0.309495  grad_norm=2.6575  lr=0.000800
GPU[1]:  batch [400/462]:  loss=2.8403  COCO_mAP=0.337080  grad_norm=2.4120  lr=0.000800
GPU[1]:  batch [462/462]:  loss=2.8573  COCO_mAP=0.338720  grad_norm=2.4022  lr=0.000800
Validation on GPU[1]:  val_loss=3.092511  val_COCO_mAP=0.197259
(GPU[1]): Epoch 17 completed. Time elapsed: 02:28:06
GPU[1]: Epoch 18 started.
GPU[1]:  batch [100/462]:  loss=2.7470  COCO_mAP=0.338652  grad_norm=2.8881  lr=0.000800
GPU[1]:  batch [200/462]:  loss=2.7921  COCO_mAP=0.326883  grad_norm=3.6184  lr=0.000800
GPU[1]:  batch [300/462]:  loss=2.8151  COCO_mAP=0.281881  grad_norm=2.7333  lr=0.000800
GPU[1]:  batch [400/462]:  loss=2.8266  COCO_mAP=0.377561  grad_norm=3.5104  lr=0.000800
GPU[1]:  batch [462/462]:  loss=2.8519  COCO_mAP=0.323207  grad_norm=4.9642  lr=0.000800
Validation on GPU[1]:  val_loss=3.047284  val_COCO_mAP=0.203271
(GPU[1]): Epoch 18 completed. Time elapsed: 02:36:15
GPU[1]: Epoch 19 started.
GPU[1]:  batch [100/462]:  loss=2.7465  COCO_mAP=0.318539  grad_norm=2.7205  lr=0.000800
GPU[1]:  batch [200/462]:  loss=2.7798  COCO_mAP=0.327901  grad_norm=2.4454  lr=0.000800
GPU[1]:  batch [300/462]:  loss=2.8049  COCO_mAP=0.309424  grad_norm=3.7027  lr=0.000800
GPU[1]:  batch [400/462]:  loss=2.7894  COCO_mAP=0.265742  grad_norm=2.1905  lr=0.000800
GPU[1]:  batch [462/462]:  loss=2.8053  COCO_mAP=0.331946  grad_norm=3.4558  lr=0.000800
Validation on GPU[1]:  val_loss=3.070972  val_COCO_mAP=0.205310
(GPU[1]): Epoch 19 completed. Time elapsed: 02:44:27
GPU[1]: Epoch 20 started.
GPU[1]:  batch [100/462]:  loss=2.7239  COCO_mAP=0.301466  grad_norm=2.5761  lr=0.000800
GPU[1]:  batch [200/462]:  loss=2.7642  COCO_mAP=0.310850  grad_norm=2.8174  lr=0.000800
GPU[1]:  batch [300/462]:  loss=2.7422  COCO_mAP=0.275512  grad_norm=2.5890  lr=0.000800
GPU[1]:  batch [400/462]:  loss=2.7792  COCO_mAP=0.258199  grad_norm=2.7641  lr=0.000800
GPU[1]:  batch [462/462]:  loss=2.7768  COCO_mAP=0.310847  grad_norm=2.9805  lr=0.000800
Validation on GPU[1]:  val_loss=3.026313  val_COCO_mAP=0.208391
(GPU[1]): Epoch 20 completed. Time elapsed: 02:52:38
GPU[1]: Epoch 21 started.
GPU[1]:  batch [100/462]:  loss=2.7033  COCO_mAP=0.290866  grad_norm=2.8200  lr=0.000800
GPU[1]:  batch [200/462]:  loss=2.7163  COCO_mAP=0.325353  grad_norm=2.5723  lr=0.000800
GPU[1]:  batch [300/462]:  loss=2.7454  COCO_mAP=0.294925  grad_norm=3.6233  lr=0.000800
GPU[1]:  batch [400/462]:  loss=2.7488  COCO_mAP=0.323112  grad_norm=2.6129  lr=0.000800
GPU[1]:  batch [462/462]:  loss=2.7607  COCO_mAP=0.344333  grad_norm=3.2718  lr=0.000800
Validation on GPU[1]:  val_loss=3.050684  val_COCO_mAP=0.211416
(GPU[1]): Epoch 21 completed. Time elapsed: 03:00:52
GPU[1]: Epoch 22 started.
GPU[1]:  batch [100/462]:  loss=2.7017  COCO_mAP=0.318490  grad_norm=4.7332  lr=0.000800
GPU[1]:  batch [200/462]:  loss=2.7018  COCO_mAP=0.323556  grad_norm=2.4070  lr=0.000800
GPU[1]:  batch [300/462]:  loss=2.7252  COCO_mAP=0.310555  grad_norm=3.9098  lr=0.000800
GPU[1]:  batch [400/462]:  loss=2.7268  COCO_mAP=0.306862  grad_norm=2.3065  lr=0.000800
GPU[1]:  batch [462/462]:  loss=2.7153  COCO_mAP=0.339828  grad_norm=3.8575  lr=0.000800
Validation on GPU[1]:  val_loss=3.068384  val_COCO_mAP=0.208884
(GPU[1]): Epoch 22 completed. Time elapsed: 03:09:03
GPU[1]: Epoch 23 started.
GPU[1]:  batch [100/462]:  loss=2.6556  COCO_mAP=0.340664  grad_norm=2.9682  lr=0.000800
GPU[1]:  batch [200/462]:  loss=2.6771  COCO_mAP=0.287878  grad_norm=2.5435  lr=0.000800
GPU[1]:  batch [300/462]:  loss=2.6939  COCO_mAP=0.316364  grad_norm=3.0386  lr=0.000800
GPU[1]:  batch [400/462]:  loss=2.7434  COCO_mAP=0.349326  grad_norm=1.9091  lr=0.000800
GPU[1]:  batch [462/462]:  loss=2.7181  COCO_mAP=0.356061  grad_norm=2.6608  lr=0.000800
Validation on GPU[1]:  val_loss=3.015688  val_COCO_mAP=0.212666
(GPU[1]): Epoch 23 completed. Time elapsed: 03:17:08
GPU[1]: Epoch 24 started.
GPU[1]:  batch [100/462]:  loss=2.6537  COCO_mAP=0.341342  grad_norm=2.2600  lr=0.000800
GPU[1]:  batch [200/462]:  loss=2.6621  COCO_mAP=0.281149  grad_norm=5.0180  lr=0.000800
GPU[1]:  batch [300/462]:  loss=2.7070  COCO_mAP=0.302548  grad_norm=2.3108  lr=0.000800
GPU[1]:  batch [400/462]:  loss=2.6895  COCO_mAP=0.363769  grad_norm=2.9958  lr=0.000800
GPU[1]:  batch [462/462]:  loss=2.6876  COCO_mAP=0.302069  grad_norm=3.0819  lr=0.000800
Validation on GPU[1]:  val_loss=3.031713  val_COCO_mAP=0.213618
(GPU[1]): Epoch 24 completed. Time elapsed: 03:25:17
GPU[1]: Epoch 25 started.
GPU[1]:  batch [100/462]:  loss=2.6296  COCO_mAP=0.328576  grad_norm=2.7591  lr=0.000800
GPU[1]:  batch [200/462]:  loss=2.6469  COCO_mAP=0.335641  grad_norm=3.8421  lr=0.000800
GPU[1]:  batch [300/462]:  loss=2.6655  COCO_mAP=0.419659  grad_norm=2.3990  lr=0.000800
GPU[1]:  batch [400/462]:  loss=2.6938  COCO_mAP=0.285957  grad_norm=2.7377  lr=0.000800
GPU[1]:  batch [462/462]:  loss=2.6808  COCO_mAP=0.286482  grad_norm=2.2686  lr=0.000800
Validation on GPU[1]:  val_loss=3.028062  val_COCO_mAP=0.211232
(GPU[1]): Epoch 25 completed. Time elapsed: 03:33:29
GPU[1]: Epoch 26 started.
GPU[1]:  batch [100/462]:  loss=2.5988  COCO_mAP=0.312034  grad_norm=2.3090  lr=0.000800
GPU[1]:  batch [200/462]:  loss=2.6192  COCO_mAP=0.360097  grad_norm=2.7272  lr=0.000800
GPU[1]:  batch [300/462]:  loss=2.6278  COCO_mAP=0.336581  grad_norm=2.6625  lr=0.000800
GPU[1]:  batch [400/462]:  loss=2.6606  COCO_mAP=0.293878  grad_norm=2.9115  lr=0.000800
GPU[1]:  batch [462/462]:  loss=2.6891  COCO_mAP=0.372950  grad_norm=2.0635  lr=0.000800
Validation on GPU[1]:  val_loss=3.010526  val_COCO_mAP=0.217438
(GPU[1]): Epoch 26 completed. Time elapsed: 03:41:37
GPU[1]: Epoch 27 started.
GPU[1]:  batch [100/462]:  loss=2.6073  COCO_mAP=0.370215  grad_norm=2.0721  lr=0.000800
GPU[1]:  batch [200/462]:  loss=2.6085  COCO_mAP=0.329682  grad_norm=4.7301  lr=0.000800
GPU[1]:  batch [300/462]:  loss=2.6263  COCO_mAP=0.278920  grad_norm=3.1954  lr=0.000800
GPU[1]:  batch [400/462]:  loss=2.6600  COCO_mAP=0.352109  grad_norm=2.9973  lr=0.000800
GPU[1]:  batch [462/462]:  loss=2.6548  COCO_mAP=0.326796  grad_norm=2.8979  lr=0.000800
Validation on GPU[1]:  val_loss=3.022503  val_COCO_mAP=0.213328
(GPU[1]): Epoch 27 completed. Time elapsed: 03:49:48
GPU[1]: Epoch 28 started.
GPU[1]:  batch [100/462]:  loss=2.5969  COCO_mAP=0.342411  grad_norm=2.1872  lr=0.000800
GPU[1]:  batch [200/462]:  loss=2.6016  COCO_mAP=0.328762  grad_norm=3.8281  lr=0.000800
GPU[1]:  batch [300/462]:  loss=2.6001  COCO_mAP=0.338116  grad_norm=3.0417  lr=0.000800
GPU[1]:  batch [400/462]:  loss=2.6464  COCO_mAP=0.354043  grad_norm=2.0917  lr=0.000800
GPU[1]:  batch [462/462]:  loss=2.6483  COCO_mAP=0.312219  grad_norm=2.6655  lr=0.000800
Validation on GPU[1]:  val_loss=3.019601  val_COCO_mAP=0.212995
(GPU[1]): Epoch 28 completed. Time elapsed: 03:58:01
GPU[1]: Epoch 29 started.
GPU[1]:  batch [100/462]:  loss=2.5562  COCO_mAP=0.333579  grad_norm=2.4281  lr=0.000800
GPU[1]:  batch [200/462]:  loss=2.5838  COCO_mAP=0.377934  grad_norm=2.3441  lr=0.000800
GPU[1]:  batch [300/462]:  loss=2.6268  COCO_mAP=0.332195  grad_norm=2.3676  lr=0.000800
GPU[1]:  batch [400/462]:  loss=2.6282  COCO_mAP=0.346034  grad_norm=2.4217  lr=0.000800
GPU[1]:  batch [462/462]:  loss=2.6216  COCO_mAP=0.301806  grad_norm=5.0980  lr=0.000800
Validation on GPU[1]:  val_loss=3.024477  val_COCO_mAP=0.215922
(GPU[1]): Epoch 29 completed. Time elapsed: 04:06:07
GPU[1]: Epoch 30 started.
GPU[1]:  batch [100/462]:  loss=2.5580  COCO_mAP=0.378257  grad_norm=3.3092  lr=0.000800
GPU[1]:  batch [200/462]:  loss=2.5860  COCO_mAP=0.316662  grad_norm=3.5094  lr=0.000800
GPU[1]:  batch [300/462]:  loss=2.6017  COCO_mAP=0.351204  grad_norm=3.6464  lr=0.000800
GPU[1]:  batch [400/462]:  loss=2.6112  COCO_mAP=0.376850  grad_norm=2.1199  lr=0.000800
GPU[1]:  batch [462/462]:  loss=2.6113  COCO_mAP=0.346902  grad_norm=4.3765  lr=0.000800
Validation on GPU[1]:  val_loss=3.012100  val_COCO_mAP=0.221865
(GPU[1]): Epoch 30 completed. Time elapsed: 04:14:16
GPU[1]: Epoch 31 started.
GPU[1]:  batch [100/462]:  loss=2.5292  COCO_mAP=0.395760  grad_norm=4.2818  lr=0.000800
GPU[1]:  batch [200/462]:  loss=2.5564  COCO_mAP=0.318579  grad_norm=3.0444  lr=0.000800
GPU[1]:  batch [300/462]:  loss=2.5613  COCO_mAP=0.348044  grad_norm=3.2031  lr=0.000800
GPU[1]:  batch [400/462]:  loss=2.5812  COCO_mAP=0.296743  grad_norm=2.3048  lr=0.000800
GPU[1]:  batch [462/462]:  loss=2.5982  COCO_mAP=0.323389  grad_norm=2.1161  lr=0.000800
Validation on GPU[1]:  val_loss=3.015272  val_COCO_mAP=0.218240
(GPU[1]): Epoch 31 completed. Time elapsed: 04:22:31
GPU[1]: Epoch 32 started.
GPU[1]:  batch [100/462]:  loss=2.5317  COCO_mAP=0.289968  grad_norm=2.5116  lr=0.000800
GPU[1]:  batch [200/462]:  loss=2.5338  COCO_mAP=0.402103  grad_norm=2.2564  lr=0.000800
GPU[1]:  batch [300/462]:  loss=2.5705  COCO_mAP=0.353763  grad_norm=3.4725  lr=0.000800
GPU[1]:  batch [400/462]:  loss=2.6151  COCO_mAP=0.314458  grad_norm=2.3481  lr=0.000800
GPU[1]:  batch [462/462]:  loss=2.6431  COCO_mAP=0.346328  grad_norm=2.4660  lr=0.000800
Validation on GPU[1]:  val_loss=2.994419  val_COCO_mAP=0.216930
(GPU[1]): Epoch 32 completed. Time elapsed: 04:30:36
GPU[1]: Epoch 33 started.
GPU[1]:  batch [100/462]:  loss=2.5564  COCO_mAP=0.344134  grad_norm=3.1482  lr=0.000800
GPU[1]:  batch [200/462]:  loss=2.5344  COCO_mAP=0.351830  grad_norm=2.6484  lr=0.000800
GPU[1]:  batch [300/462]:  loss=2.5671  COCO_mAP=0.324601  grad_norm=4.0403  lr=0.000800
GPU[1]:  batch [400/462]:  loss=2.5814  COCO_mAP=0.343316  grad_norm=2.3470  lr=0.000800
GPU[1]:  batch [462/462]:  loss=2.5959  COCO_mAP=0.356428  grad_norm=3.0070  lr=0.000080
Validation on GPU[1]:  val_loss=2.984161  val_COCO_mAP=0.227080
(GPU[1]): Epoch 33 completed. Time elapsed: 04:38:44
GPU[1]: Epoch 34 started.
GPU[1]:  batch [100/462]:  loss=2.3164  COCO_mAP=0.371967  grad_norm=1.6121  lr=0.000080
GPU[1]:  batch [200/462]:  loss=2.2490  COCO_mAP=0.356319  grad_norm=1.6633  lr=0.000080
GPU[1]:  batch [300/462]:  loss=2.2179  COCO_mAP=0.381556  grad_norm=1.7855  lr=0.000080
GPU[1]:  batch [400/462]:  loss=2.1896  COCO_mAP=0.403926  grad_norm=1.3930  lr=0.000080
GPU[1]:  batch [462/462]:  loss=2.1978  COCO_mAP=0.398538  grad_norm=1.5666  lr=0.000080
Validation on GPU[1]:  val_loss=2.760143  val_COCO_mAP=0.254878
(GPU[1]): Epoch 34 completed. Time elapsed: 04:46:50
GPU[1]: Epoch 35 started.
GPU[1]:  batch [100/462]:  loss=2.1613  COCO_mAP=0.383119  grad_norm=1.7368  lr=0.000080
GPU[1]:  batch [200/462]:  loss=2.1564  COCO_mAP=0.397621  grad_norm=1.4855  lr=0.000080
GPU[1]:  batch [300/462]:  loss=2.1560  COCO_mAP=0.417942  grad_norm=1.4861  lr=0.000080
GPU[1]:  batch [400/462]:  loss=2.1638  COCO_mAP=0.388120  grad_norm=1.5942  lr=0.000080
GPU[1]:  batch [462/462]:  loss=2.1594  COCO_mAP=0.393998  grad_norm=1.5317  lr=0.000080
Validation on GPU[1]:  val_loss=2.747199  val_COCO_mAP=0.257315
(GPU[1]): Epoch 35 completed. Time elapsed: 04:54:58
GPU[1]: Epoch 36 started.
GPU[1]:  batch [100/462]:  loss=2.1274  COCO_mAP=0.378002  grad_norm=1.4446  lr=0.000080
GPU[1]:  batch [200/462]:  loss=2.1303  COCO_mAP=0.399685  grad_norm=1.4154  lr=0.000080
GPU[1]:  batch [300/462]:  loss=2.1275  COCO_mAP=0.397007  grad_norm=1.4975  lr=0.000080
GPU[1]:  batch [400/462]:  loss=2.1098  COCO_mAP=0.430234  grad_norm=1.3480  lr=0.000080
GPU[1]:  batch [462/462]:  loss=2.1128  COCO_mAP=0.435005  grad_norm=1.9439  lr=0.000080
Validation on GPU[1]:  val_loss=2.733815  val_COCO_mAP=0.260107
(GPU[1]): Epoch 36 completed. Time elapsed: 05:03:07
GPU[1]: Epoch 37 started.
GPU[1]:  batch [100/462]:  loss=2.0862  COCO_mAP=0.405554  grad_norm=1.9515  lr=0.000080
GPU[1]:  batch [200/462]:  loss=2.0862  COCO_mAP=0.386680  grad_norm=1.4393  lr=0.000080
GPU[1]:  batch [300/462]:  loss=2.0789  COCO_mAP=0.440925  grad_norm=1.5016  lr=0.000080
GPU[1]:  batch [400/462]:  loss=2.0911  COCO_mAP=0.344946  grad_norm=1.5410  lr=0.000080
GPU[1]:  batch [462/462]:  loss=2.0858  COCO_mAP=0.418428  grad_norm=1.4512  lr=0.000080
Validation on GPU[1]:  val_loss=2.738976  val_COCO_mAP=0.260968
(GPU[1]): Epoch 37 completed. Time elapsed: 05:11:12
GPU[1]: Epoch 38 started.
GPU[1]:  batch [100/462]:  loss=2.0708  COCO_mAP=0.439199  grad_norm=1.4587  lr=0.000080
GPU[1]:  batch [200/462]:  loss=2.0803  COCO_mAP=0.383058  grad_norm=1.3819  lr=0.000080
GPU[1]:  batch [300/462]:  loss=2.0833  COCO_mAP=0.386926  grad_norm=1.6814  lr=0.000080
GPU[1]:  batch [400/462]:  loss=2.0870  COCO_mAP=0.446730  grad_norm=1.4122  lr=0.000080
GPU[1]:  batch [462/462]:  loss=2.0799  COCO_mAP=0.425085  grad_norm=1.7062  lr=0.000080
Validation on GPU[1]:  val_loss=2.743658  val_COCO_mAP=0.260923
(GPU[1]): Epoch 38 completed. Time elapsed: 05:19:15
GPU[1]: Epoch 39 started.
GPU[1]:  batch [100/462]:  loss=2.0425  COCO_mAP=0.314237  grad_norm=1.7033  lr=0.000080
GPU[1]:  batch [200/462]:  loss=2.0462  COCO_mAP=0.369594  grad_norm=1.8020  lr=0.000080
GPU[1]:  batch [300/462]:  loss=2.0475  COCO_mAP=0.396268  grad_norm=1.6246  lr=0.000080
GPU[1]:  batch [400/462]:  loss=2.0640  COCO_mAP=0.457997  grad_norm=1.4605  lr=0.000080
GPU[1]:  batch [462/462]:  loss=2.0408  COCO_mAP=0.418554  grad_norm=1.4390  lr=0.000080
Validation on GPU[1]:  val_loss=2.741582  val_COCO_mAP=0.260699
(GPU[1]): Epoch 39 completed. Time elapsed: 05:27:18
GPU[1]: Epoch 40 started.
GPU[1]:  batch [100/462]:  loss=2.0283  COCO_mAP=0.442874  grad_norm=1.4277  lr=0.000080
GPU[1]:  batch [200/462]:  loss=2.0500  COCO_mAP=0.370788  grad_norm=1.6774  lr=0.000080
GPU[1]:  batch [300/462]:  loss=2.0255  COCO_mAP=0.437809  grad_norm=1.7061  lr=0.000080
GPU[1]:  batch [400/462]:  loss=2.0399  COCO_mAP=0.378546  grad_norm=1.6680  lr=0.000080
GPU[1]:  batch [462/462]:  loss=2.0520  COCO_mAP=0.392605  grad_norm=1.6067  lr=0.000080
Validation on GPU[1]:  val_loss=2.752653  val_COCO_mAP=0.261352
(GPU[1]): Epoch 40 completed. Time elapsed: 05:35:18
GPU[1]: Epoch 41 started.
GPU[1]:  batch [100/462]:  loss=2.0298  COCO_mAP=0.405660  grad_norm=1.5038  lr=0.000080
GPU[1]:  batch [200/462]:  loss=2.0270  COCO_mAP=0.416090  grad_norm=1.4622  lr=0.000080
GPU[1]:  batch [300/462]:  loss=2.0098  COCO_mAP=0.356383  grad_norm=1.5827  lr=0.000080
GPU[1]:  batch [400/462]:  loss=2.0204  COCO_mAP=0.466163  grad_norm=1.3879  lr=0.000080
GPU[1]:  batch [462/462]:  loss=2.0232  COCO_mAP=0.454853  grad_norm=1.6031  lr=0.000080
Validation on GPU[1]:  val_loss=2.751427  val_COCO_mAP=0.261765
(GPU[1]): Epoch 41 completed. Time elapsed: 05:43:18
GPU[1]: Epoch 42 started.
GPU[1]:  batch [100/462]:  loss=1.9944  COCO_mAP=0.440695  grad_norm=1.6383  lr=0.000080
GPU[1]:  batch [200/462]:  loss=2.0103  COCO_mAP=0.422815  grad_norm=1.7296  lr=0.000080
GPU[1]:  batch [300/462]:  loss=2.0082  COCO_mAP=0.407394  grad_norm=1.4683  lr=0.000080
GPU[1]:  batch [400/462]:  loss=2.0187  COCO_mAP=0.415998  grad_norm=1.6556  lr=0.000080
GPU[1]:  batch [462/462]:  loss=1.9987  COCO_mAP=0.399744  grad_norm=1.5633  lr=0.000080
Validation on GPU[1]:  val_loss=2.759311  val_COCO_mAP=0.258836
(GPU[1]): Epoch 42 completed. Time elapsed: 05:51:18
GPU[1]: Epoch 43 started.
GPU[1]:  batch [100/462]:  loss=1.9861  COCO_mAP=0.377862  grad_norm=2.1792  lr=0.000080
GPU[1]:  batch [200/462]:  loss=1.9807  COCO_mAP=0.448259  grad_norm=1.6366  lr=0.000080
GPU[1]:  batch [300/462]:  loss=2.0109  COCO_mAP=0.450338  grad_norm=1.5181  lr=0.000080
GPU[1]:  batch [400/462]:  loss=2.0091  COCO_mAP=0.394853  grad_norm=1.6069  lr=0.000080
GPU[1]:  batch [462/462]:  loss=1.9924  COCO_mAP=0.434653  grad_norm=1.5535  lr=0.000008
Validation on GPU[1]:  val_loss=2.764261  val_COCO_mAP=0.262959
(GPU[1]): Epoch 43 completed. Time elapsed: 05:59:20
GPU[1]: Epoch 44 started.
GPU[1]:  batch [100/462]:  loss=1.9674  COCO_mAP=0.442531  grad_norm=1.4673  lr=0.000008
GPU[1]:  batch [200/462]:  loss=1.9663  COCO_mAP=0.424911  grad_norm=1.4391  lr=0.000008
GPU[1]:  batch [300/462]:  loss=1.9567  COCO_mAP=0.461033  grad_norm=1.3827  lr=0.000008
GPU[1]:  batch [400/462]:  loss=1.9436  COCO_mAP=0.505374  grad_norm=1.3939  lr=0.000008
GPU[1]:  batch [462/462]:  loss=1.9426  COCO_mAP=0.399839  grad_norm=1.4935  lr=0.000008
Validation on GPU[1]:  val_loss=2.747667  val_COCO_mAP=0.264489
(GPU[1]): Epoch 44 completed. Time elapsed: 06:07:21
GPU[1]: Epoch 45 started.
GPU[1]:  batch [100/462]:  loss=1.9627  COCO_mAP=0.363494  grad_norm=1.3530  lr=0.000008
GPU[1]:  batch [200/462]:  loss=1.9478  COCO_mAP=0.422038  grad_norm=1.7236  lr=0.000008
GPU[1]:  batch [300/462]:  loss=1.9378  COCO_mAP=0.412182  grad_norm=1.3781  lr=0.000008
GPU[1]:  batch [400/462]:  loss=1.9358  COCO_mAP=0.402392  grad_norm=1.3462  lr=0.000008
GPU[1]:  batch [462/462]:  loss=1.9586  COCO_mAP=0.462201  grad_norm=1.3802  lr=0.000008
Validation on GPU[1]:  val_loss=2.751571  val_COCO_mAP=0.263789
(GPU[1]): Epoch 45 completed. Time elapsed: 06:15:23
GPU[1]: Epoch 46 started.
GPU[1]:  batch [100/462]:  loss=1.9457  COCO_mAP=0.392394  grad_norm=1.4219  lr=0.000008
GPU[1]:  batch [200/462]:  loss=1.9549  COCO_mAP=0.416768  grad_norm=1.4422  lr=0.000008
GPU[1]:  batch [300/462]:  loss=1.9382  COCO_mAP=0.385265  grad_norm=1.4143  lr=0.000008
GPU[1]:  batch [400/462]:  loss=1.9500  COCO_mAP=0.466689  grad_norm=1.3634  lr=0.000008
GPU[1]:  batch [462/462]:  loss=1.9701  COCO_mAP=0.438741  grad_norm=1.5413  lr=0.000008
Validation on GPU[1]:  val_loss=2.748213  val_COCO_mAP=0.264128
(GPU[1]): Epoch 46 completed. Time elapsed: 06:23:25
GPU[1]: Epoch 47 started.
GPU[1]:  batch [100/462]:  loss=1.9397  COCO_mAP=0.405589  grad_norm=1.4448  lr=0.000008
GPU[1]:  batch [200/462]:  loss=1.9526  COCO_mAP=0.449522  grad_norm=1.3437  lr=0.000008
GPU[1]:  batch [300/462]:  loss=1.9477  COCO_mAP=0.403606  grad_norm=1.4421  lr=0.000008
GPU[1]:  batch [400/462]:  loss=1.9241  COCO_mAP=0.461948  grad_norm=1.2563  lr=0.000008
GPU[1]:  batch [462/462]:  loss=1.9458  COCO_mAP=0.421139  grad_norm=1.6375  lr=0.000008
Validation on GPU[1]:  val_loss=2.754648  val_COCO_mAP=0.263830
(GPU[1]): Epoch 47 completed. Time elapsed: 06:31:27
GPU[1]: Epoch 48 started.
GPU[1]:  batch [100/462]:  loss=1.9371  COCO_mAP=0.434676  grad_norm=1.3352  lr=0.000008
GPU[1]:  batch [200/462]:  loss=1.9207  COCO_mAP=0.394774  grad_norm=1.3200  lr=0.000008
GPU[1]:  batch [300/462]:  loss=1.9382  COCO_mAP=0.469781  grad_norm=1.4088  lr=0.000008
GPU[1]:  batch [400/462]:  loss=1.9438  COCO_mAP=0.502528  grad_norm=1.2437  lr=0.000008
GPU[1]:  batch [462/462]:  loss=1.9602  COCO_mAP=0.435900  grad_norm=1.4135  lr=0.000008
Validation on GPU[1]:  val_loss=2.748640  val_COCO_mAP=0.264598
(GPU[1]): Epoch 48 completed. Time elapsed: 06:39:29
GPU[1]: Epoch 49 started.
GPU[1]:  batch [100/462]:  loss=1.9215  COCO_mAP=0.402795  grad_norm=1.2958  lr=0.000008
GPU[1]:  batch [200/462]:  loss=1.9465  COCO_mAP=0.396399  grad_norm=1.4185  lr=0.000008
GPU[1]:  batch [300/462]:  loss=1.9490  COCO_mAP=0.431330  grad_norm=1.3916  lr=0.000008
GPU[1]:  batch [400/462]:  loss=1.9336  COCO_mAP=0.409000  grad_norm=1.3206  lr=0.000008
GPU[1]:  batch [462/462]:  loss=1.9315  COCO_mAP=0.407337  grad_norm=1.4062  lr=0.000008
Validation on GPU[1]:  val_loss=2.750113  val_COCO_mAP=0.263195
(GPU[1]): Epoch 49 completed. Time elapsed: 06:47:28
GPU[1]: Epoch 50 started.
GPU[1]:  batch [100/462]:  loss=1.9470  COCO_mAP=0.475172  grad_norm=1.4013  lr=0.000008
GPU[1]:  batch [200/462]:  loss=1.9355  COCO_mAP=0.439748  grad_norm=1.3725  lr=0.000008
GPU[1]:  batch [300/462]:  loss=1.9441  COCO_mAP=0.463324  grad_norm=1.5274  lr=0.000008
GPU[1]:  batch [400/462]:  loss=1.9220  COCO_mAP=0.428543  grad_norm=1.4660  lr=0.000008
GPU[1]:  batch [462/462]:  loss=1.9266  COCO_mAP=0.389247  grad_norm=1.6198  lr=0.000001
Validation on GPU[1]:  val_loss=2.749047  val_COCO_mAP=0.263995
(GPU[1]): Epoch 50 completed. Time elapsed: 06:55:33
GPU[1]: Epoch 51 started.
GPU[1]:  batch [100/462]:  loss=1.9342  COCO_mAP=0.391714  grad_norm=1.3576  lr=0.000001
GPU[1]:  batch [200/462]:  loss=1.9164  COCO_mAP=0.461960  grad_norm=1.5865  lr=0.000001
GPU[1]:  batch [300/462]:  loss=1.9402  COCO_mAP=0.441123  grad_norm=1.3775  lr=0.000001
GPU[1]:  batch [400/462]:  loss=1.9446  COCO_mAP=0.453837  grad_norm=1.3987  lr=0.000001
GPU[1]:  batch [462/462]:  loss=1.9212  COCO_mAP=0.449199  grad_norm=1.4741  lr=0.000001
Validation on GPU[1]:  val_loss=2.749451  val_COCO_mAP=0.263527
(GPU[1]): Epoch 51 completed. Time elapsed: 07:03:34
Training for 52 epochs  is completely finished. Results saved.
